  Colour.cpp
  main.cpp
  Window.cpp
Colour.obj : error LNK2001: unresolved external symbol "__declspec(dllimport) public: __cdecl sf::Color::Color(unsigned char,unsigned char,unsigned char,unsigned char)" (__imp_??0Color@sf@@QEAA@EEEE@Z)
Colour.obj : error LNK2001: unresolved external symbol "__declspec(dllimport) public: class sf::Color __cdecl sf::Image::getPixel(unsigned int,unsigned int)const " (__imp_?getPixel@Image@sf@@QEBA?AVColor@2@II@Z)
Colour.obj : error LNK2001: unresolved external symbol "__declspec(dllimport) public: void __cdecl sf::Image::setPixel(unsigned int,unsigned int,class sf::Color const &)" (__imp_?setPixel@Image@sf@@QEAAXIIAEBVColor@2@@Z)
Colour.obj : error LNK2001: unresolved external symbol "__declspec(dllimport) public: __cdecl sf::Image::~Image(void)" (__imp_??1Image@sf@@QEAA@XZ)
Colour.obj : error LNK2001: unresolved external symbol "__declspec(dllimport) public: __cdecl sf::Image::Image(class sf::Image const &)" (__imp_??0Image@sf@@QEAA@AEBV01@@Z)
main.obj : error LNK2001: unresolved external symbol "__declspec(dllimport) public: static class sf::RenderStates const sf::RenderStates::Default" (__imp_?Default@RenderStates@sf@@2V12@B)
main.obj : error LNK2001: unresolved external symbol "__declspec(dllimport) public: void __cdecl sf::Transformable::setPosition(class sf::Vector2<float> const &)" (__imp_?setPosition@Transformable@sf@@QEAAXAEBV?$Vector2@M@2@@Z)
main.obj : error LNK2001: unresolved external symbol "__declspec(dllimport) public: void __cdecl sf::View::move(class sf::Vector2<float> const &)" (__imp_?move@View@sf@@QEAAXAEBV?$Vector2@M@2@@Z)
main.obj : error LNK2001: unresolved external symbol "__declspec(dllimport) public: class sf::Vector2<float> const & __cdecl sf::View::getSize(void)const " (__imp_?getSize@View@sf@@QEBAAEBV?$Vector2@M@2@XZ)
main.obj : error LNK2001: unresolved external symbol "__declspec(dllimport) public: void __cdecl sf::View::setCenter(class sf::Vector2<float> const &)" (__imp_?setCenter@View@sf@@QEAAXAEBV?$Vector2@M@2@@Z)
main.obj : error LNK2001: unresolved external symbol "__declspec(dllimport) public: __cdecl sf::View::View(class sf::Vector2<float> const &,class sf::Vector2<float> const &)" (__imp_??0View@sf@@QEAA@AEBV?$Vector2@M@1@0@Z)
main.obj : error LNK2001: unresolved external symbol "__declspec(dllimport) public: void __cdecl sf::Texture::update(class sf::Image const &)" (__imp_?update@Texture@sf@@QEAAXAEBVImage@2@@Z)
main.obj : error LNK2001: unresolved external symbol "__declspec(dllimport) public: class sf::Vector2<unsigned int> __cdecl sf::Texture::getSize(void)const " (__imp_?getSize@Texture@sf@@QEBA?AV?$Vector2@I@2@XZ)
main.obj : error LNK2001: unresolved external symbol "__declspec(dllimport) public: bool __cdecl sf::Texture::loadFromImage(class sf::Image const &,class sf::Rect<int> const &)" (__imp_?loadFromImage@Texture@sf@@QEAA_NAEBVImage@2@AEBV?$Rect@H@2@@Z)
main.obj : error LNK2001: unresolved external symbol "__declspec(dllimport) public: bool __cdecl sf::Texture::create(unsigned int,unsigned int)" (__imp_?create@Texture@sf@@QEAA_NII@Z)
main.obj : error LNK2001: unresolved external symbol "__declspec(dllimport) public: __cdecl sf::Texture::~Texture(void)" (__imp_??1Texture@sf@@QEAA@XZ)
main.obj : error LNK2001: unresolved external symbol "__declspec(dllimport) public: __cdecl sf::Texture::Texture(void)" (__imp_??0Texture@sf@@QEAA@XZ)
main.obj : error LNK2001: unresolved external symbol "__declspec(dllimport) public: virtual __cdecl sf::RenderWindow::~RenderWindow(void)" (__imp_??1RenderWindow@sf@@UEAA@XZ)
main.obj : error LNK2001: unresolved external symbol "__declspec(dllimport) public: __cdecl sf::RenderWindow::RenderWindow(class sf::VideoMode,class sf::String const &,unsigned int,struct sf::ContextSettings const &)" (__imp_??0RenderWindow@sf@@QEAA@VVideoMode@1@AEBVString@1@IAEBUContextSettings@1@@Z)
main.obj : error LNK2001: unresolved external symbol "__declspec(dllimport) public: void __cdecl sf::Window::display(void)" (__imp_?display@Window@sf@@QEAAXXZ)
main.obj : error LNK2001: unresolved external symbol "__declspec(dllimport) public: void __cdecl sf::Window::setFramerateLimit(unsigned int)" (__imp_?setFramerateLimit@Window@sf@@QEAAXI@Z)
main.obj : error LNK2001: unresolved external symbol "__declspec(dllimport) public: virtual void __cdecl sf::Window::close(void)" (__imp_?close@Window@sf@@UEAAXXZ)
main.obj : error LNK2001: unresolved external symbol "__declspec(dllimport) public: bool __cdecl sf::WindowBase::pollEvent(class sf::Event &)" (__imp_?pollEvent@WindowBase@sf@@QEAA_NAEAVEvent@2@@Z)
main.obj : error LNK2001: unresolved external symbol "__declspec(dllimport) public: bool __cdecl sf::WindowBase::isOpen(void)const " (__imp_?isOpen@WindowBase@sf@@QEBA_NXZ)
main.obj : error LNK2001: unresolved external symbol "__declspec(dllimport) public: void __cdecl sf::RenderTarget::draw(class sf::Drawable const &,class sf::RenderStates const &)" (__imp_?draw@RenderTarget@sf@@QEAAXAEBVDrawable@2@AEBVRenderStates@2@@Z)
main.obj : error LNK2001: unresolved external symbol "__declspec(dllimport) public: class sf::Vector2<float> __cdecl sf::RenderTarget::mapPixelToCoords(class sf::Vector2<int> const &)const " (__imp_?mapPixelToCoords@RenderTarget@sf@@QEBA?AV?$Vector2@M@2@AEBV?$Vector2@H@2@@Z)
main.obj : error LNK2001: unresolved external symbol "__declspec(dllimport) public: class sf::View const & __cdecl sf::RenderTarget::getView(void)const " (__imp_?getView@RenderTarget@sf@@QEBAAEBVView@2@XZ)
main.obj : error LNK2001: unresolved external symbol "__declspec(dllimport) public: void __cdecl sf::RenderTarget::setView(class sf::View const &)" (__imp_?setView@RenderTarget@sf@@QEAAXAEBVView@2@@Z)
main.obj : error LNK2001: unresolved external symbol "__declspec(dllimport) public: void __cdecl sf::RenderTarget::clear(class sf::Color const &)" (__imp_?clear@RenderTarget@sf@@QEAAXAEBVColor@2@@Z)
main.obj : error LNK2001: unresolved external symbol "__declspec(dllimport) public: static bool __cdecl sf::Keyboard::isKeyPressed(enum sf::Keyboard::Key)" (__imp_?isKeyPressed@Keyboard@sf@@SA_NW4Key@12@@Z)
main.obj : error LNK2001: unresolved external symbol "__declspec(dllimport) public: void __cdecl sf::Shape::setTexture(class sf::Texture const *,bool)" (__imp_?setTexture@Shape@sf@@QEAAXPEBVTexture@2@_N@Z)
main.obj : error LNK2001: unresolved external symbol "__declspec(dllimport) public: __cdecl sf::String::String(char const *,class std::locale const &)" (__imp_??0String@sf@@QEAA@PEBDAEBVlocale@std@@@Z)
main.obj : error LNK2001: unresolved external symbol "__declspec(dllimport) public: __cdecl sf::RectangleShape::RectangleShape(class sf::Vector2<float> const &)" (__imp_??0RectangleShape@sf@@QEAA@AEBV?$Vector2@M@1@@Z)
main.obj : error LNK2001: unresolved external symbol "__declspec(dllimport) public: __cdecl sf::VideoMode::VideoMode(unsigned int,unsigned int,unsigned int)" (__imp_??0VideoMode@sf@@QEAA@III@Z)
main.obj : error LNK2001: unresolved external symbol "__declspec(dllimport) public: static class sf::Vector2<int> __cdecl sf::Mouse::getPosition(class sf::WindowBase const &)" (__imp_?getPosition@Mouse@sf@@SA?AV?$Vector2@H@2@AEBVWindowBase@2@@Z)
main.obj : error LNK2001: unresolved external symbol "__declspec(dllimport) public: static bool __cdecl sf::Mouse::isButtonPressed(enum sf::Mouse::Button)" (__imp_?isButtonPressed@Mouse@sf@@SA_NW4Button@12@@Z)
main.obj : error LNK2001: unresolved external symbol "__declspec(dllimport) public: __cdecl sf::String::~String(void)" (__imp_??1String@sf@@QEAA@XZ)
main.obj : error LNK2001: unresolved external symbol "__declspec(dllimport) public: class sf::Image & __cdecl sf::Image::operator=(class sf::Image const &)" (__imp_??4Image@sf@@QEAAAEAV01@AEBV01@@Z)
main.obj : error LNK2001: unresolved external symbol "__declspec(dllimport) public: virtual __cdecl sf::RectangleShape::~RectangleShape(void)" (__imp_??1RectangleShape@sf@@UEAA@XZ)
Window.obj : error LNK2001: unresolved external symbol "__declspec(dllimport) public: void __cdecl sf::View::zoom(float)" (__imp_?zoom@View@sf@@QEAAXM@Z)
Window.obj : error LNK2001: unresolved external symbol "__declspec(dllimport) public: bool __cdecl sf::Image::loadFromMemory(void const *,unsigned __int64)" (__imp_?loadFromMemory@Image@sf@@QEAA_NPEBX_K@Z)
Window.obj : error LNK2001: unresolved external symbol "__declspec(dllimport) public: void __cdecl sf::Image::create(unsigned int,unsigned int,class sf::Color const &)" (__imp_?create@Image@sf@@QEAAXIIAEBVColor@2@@Z)
Window.obj : error LNK2001: unresolved external symbol "__declspec(dllimport) public: __cdecl sf::Image::Image(void)" (__imp_??0Image@sf@@QEAA@XZ)
Window.obj : error LNK2001: unresolved external symbol "__declspec(dllimport) public: static class sf::Color const sf::Color::Transparent" (__imp_?Transparent@Color@sf@@2V12@B)
D:\c++\pvz hoi4\x64\Release\pvz hoi4.exe : fatal error LNK1120: 44 unresolved externals
