d:\c++\pvz hoi4\pvz hoi4\debug\vc143.pdb
d:\c++\pvz hoi4\pvz hoi4\debug\window.obj
d:\c++\pvz hoi4\pvz hoi4\debug\state.obj
d:\c++\pvz hoi4\pvz hoi4\debug\scene1.obj
d:\c++\pvz hoi4\pvz hoi4\debug\main.obj
d:\c++\pvz hoi4\pvz hoi4\debug\json.obj
d:\c++\pvz hoi4\pvz hoi4\debug\display.obj
d:\c++\pvz hoi4\pvz hoi4\debug\colour.obj
d:\c++\pvz hoi4\pvz hoi4\debug\audio.obj
d:\c++\pvz hoi4\pvz hoi4\debug\async.obj
d:\c++\pvz hoi4\debug\pvz hoi4.exe
d:\c++\pvz hoi4\debug\pvz hoi4.pdb
d:\c++\pvz hoi4\pvz hoi4\debug\resource.res
d:\c++\pvz hoi4\pvz hoi4\debug\pvz hoi4.ilk
d:\c++\pvz hoi4\pvz hoi4\debug\pvz hoi4.tlog\cl.command.1.tlog
d:\c++\pvz hoi4\pvz hoi4\debug\pvz hoi4.tlog\cl.items.tlog
d:\c++\pvz hoi4\pvz hoi4\debug\pvz hoi4.tlog\cl.read.1.tlog
d:\c++\pvz hoi4\pvz hoi4\debug\pvz hoi4.tlog\cl.write.1.tlog
d:\c++\pvz hoi4\pvz hoi4\debug\pvz hoi4.tlog\link.command.1.tlog
d:\c++\pvz hoi4\pvz hoi4\debug\pvz hoi4.tlog\link.read.1.tlog
d:\c++\pvz hoi4\pvz hoi4\debug\pvz hoi4.tlog\link.secondary.1.tlog
d:\c++\pvz hoi4\pvz hoi4\debug\pvz hoi4.tlog\link.write.1.tlog
d:\c++\pvz hoi4\pvz hoi4\debug\pvz hoi4.tlog\rc.command.1.tlog
d:\c++\pvz hoi4\pvz hoi4\debug\pvz hoi4.tlog\rc.read.1.tlog
d:\c++\pvz hoi4\pvz hoi4\debug\pvz hoi4.tlog\rc.write.1.tlog
